<?xml version="1.0" encoding="UTF-8"?>
<!-- Generated by org.testng.reporters.JUnitReportReporter -->
<testsuite hostname="HIRAL" failures="0" tests="1" name="com.ultimateqa.testsuite.LoginPageTest" time="20.906" errors="0" timestamp="2022-12-12T10:41:44 GMT" skipped="0">
  <testcase classname="com.ultimateqa.testsuite.LoginPageTest" name="verifyUserShouldNavigaateToLoginPageSuccessfully" time="20.906"/>
  <system-out>
    <![CDATA[Click on signin[[ChromeDriver: chrome on WINDOWS (1f6ea13c23101f9ff5c23eb5933653b5)] -> link text: Sign In]
Verify text[[ChromeDriver: chrome on WINDOWS (1f6ea13c23101f9ff5c23eb5933653b5)] -> xpath: //h2[contains(text(),'Welcome Back!')]]]]>
  </system-out>
</testsuite> <!-- com.ultimateqa.testsuite.LoginPageTest -->
